
  Anixart PC v4.0
  http://localhost:3000

[Crawler] Starting voiceover crawl...
[Crawler] Scanning channel /@LightFoxManga (found voiceover: "Супер бог зоомагазина. Озвучка манги. Главы 1-190...")
[Crawler] Scanning channel /@voicemanga (found voiceover: "😍Одержимая злодейка хочет развода!💔「1 - 25 главы...")
[Crawler] "озвучка манги": 15 videos, 2 new
[Touch] 2 path: /api/auth/me
[Crawler] Scanning channel /@manhwanauho (found voiceover: "Это всего лишь  брак по контракту | 1 - 41 главы (...")
[Crawler] "озвучка манхвы": 15 videos, 2 new
[Touch] 2 path: /api/profile/2
[Crawler] Scanning channel /@Show0_0 (found voiceover: "Озвучка манги | Я самый могущественный мастер закл...")
[Crawler] "манга озвучка": 15 videos, 3 new
[Crawler] Scanning channel /@MiLusiaOfficial (found voiceover: "Озвучка Манги Ненависть и клятва 1-58 главу (ВСЕ Г...")
[Touch] 2 path: /api/home
[Crawler] "манхва озвучка": 15 videos, 2 new
[Crawler] Scanning channel /@jossmeister (found voiceover: "⚡️Небесное дао решает проблемы нового мира! [1-130...")
[Crawler] Scanning channel /@ArticVoiceDUB-v8f (found voiceover: "🔥 «Она вернулась, чтобы изменить свою судьбу|Озву...")
[Crawler] Scanning channel /@rastinlevelap5147 (found voiceover: "Маньхуа Мне суждено стать злодеем! 1-113 глава Озв...")
[Crawler] "озвучка маньхуа": 15 videos, 4 new
[Crawler] Scanning channel /@rutil (found voiceover: "Моя новая жизнь в мире зверей | 223 - 229 главы | ...")
[Crawler] "новая озвучка манги": 15 videos, 5 new
[Crawler] Scanning channel /@RainyManga2 (found voiceover: "Его власть и моя любовь 1-10 главы [озвучка манги]...")
[Crawler] "озвучка манги 2026": 15 videos, 3 new
[Crawler] Scanning channel /@el.anastasia6805 (found voiceover: "Озвучка манги | Выскочив замуж, легко не разведёшь...")
[Crawler] Scanning channel /@OzvuchkaNarali (found voiceover: "«Это не мое обещание» [1-12] | ОЗВУЧКА МАНГИ | СБО...")
[Crawler] "озвучка манги 2025": 15 videos, 5 new
[Crawler] Scanning channel /@joss_manga (found voiceover: "⚡️Мой сольный бесконечный рост [1-177 главы. Конец...")
[Crawler] "манга на русском озвучка": 15 videos, 4 new
[Crawler] Scanning channel /@ozvuchka_N2A (found voiceover: "Я стала хозяйкой дьявола | 1 Сезон | 1 - 51 Главы ...")
[Crawler] "озвучка манхвы полностью": 15 videos, 3 new
[Crawler] "озвучка манги все главы": 15 videos, 2 new
[Crawler] "полная озвучка манги": 15 videos, 2 new
[Crawler] "манга озвучка все главы": 15 videos, 2 new
[Crawler] Scanning channel /@uyenly9011 (found voiceover: "Мой любимый вебтун стал реальностью 1-10 главы | О...")
[Touch] 2 path: /api/auth/me
[Crawler] "озвучка вебтуна": 15 videos, 1 new
[Crawler] Scanning channel /@Tesherm_manga (found voiceover: "Озвучка манги | Система судного дня! | 1-130 Главы...")
[Crawler] "webtoon озвучка": 15 videos, 4 new
[Crawler] "манхва на русском озвучка": 15 videos, 3 new
[Crawler] Scanning channel /@animariad (found voiceover: "Король багов 01-120 главы Озвучка манги от AniMari...")
[Crawler] Scanning channel /@Geeksvoice (found voiceover: "Месть легендарного кузнеца 1-61 главы манга и манх...")
[Crawler] "аудио манга": 15 videos, 3 new
[Crawler] "ранобе озвучка": 15 videos, 1 new
[Crawler] Scanning channel /@KiRAnlt (found voiceover: "Регрессия ублюдка из судного дня Главы 1-92 | Озву...")
[Crawler] "озвучка манги от начала до конца": 15 videos, 4 new
[Crawler] "манга озвучка 1 глава": 15 videos, 3 new
[Crawler] Scanning channel /@freyachiii (found voiceover: "Озвучка манги  |  Поворот судьбы - 1 - 52 главы | ...")
[Crawler] "озвучка популярной манги": 15 videos, 4 new
[Crawler] Scanning channel /@Light_Fox_Manga (found voiceover: "Легендарный механик манга с многоголосой озвучкой....")
[Crawler] Scanning channel /@nltkira132 (found voiceover: "Завтрашняя катастрофа ГЛАВЫ 1-103 КОНЕЦ ВСЕ ГЛАВЫ ...")
[Crawler] "лучшие озвучки манги": 15 videos, 2 new
[Crawler] "озвучка манги с 1 главы": 15 videos, 4 new
[Crawler] "манга озвучка новинки": 15 videos, 3 new
[Crawler] "поднятие уровня в одиночку озвучка": 15 videos, 1 new
[Crawler] Scanning channel /@BadNeighborhood (found voiceover: "МАГИЧЕСКАЯ БИТВА. ГЛАВА 139-142 [Озвучка манги]...")
[Crawler] Scanning channel /@Seepage (found voiceover: "Магическая Битва (озвучка 257-263 глав)...")
[Crawler] "магическая битва озвучка манги": 15 videos, 3 new
[Crawler] "jujutsu kaisen манга озвучка": 15 videos, 1 new
[Crawler] Scanning channel /@AniMaxX (found voiceover: "【Видео-Манга】Атака Титанов Глава 109: "Предводител...")
[Crawler] "attack on titan манга озвучка": 15 videos, 1 new
[Crawler] Scanning channel /@Linael (found voiceover: "Клинок, рассекающий демонов 4 сезон #2 [пересказ м...")
[Crawler] "истребитель демонов озвучка манги": 15 videos, 1 new
[Crawler] Scanning channel /@caseyanime (found voiceover: "Озвучка манги l Боевая Инверсия  l 1-100 глава...")
[Crawler] Scanning channel /@danteska4739 (found voiceover: "Озвучка Манги | Перерождение Короля Спецназа | Все...")
[Crawler] "цепной человек озвучка манги": 15 videos, 5 new
[Crawler] Scanning channel /@voicemanga4102 (found voiceover: "Тетрадь Смерти Продолжение 1 часть озвучки манги |...")
[Crawler] "death note манга озвучка": 15 videos, 1 new
[Crawler] Scanning channel /@GanZiNinja (found voiceover: "КЛОН ДЖИРАЙИ ВИДИТ БУДУЩЕЕ БОРУТО! | ОЗВУЧКА | 93 ...")
[Crawler] "боруто манга озвучка": 15 videos, 3 new
[Crawler] Scanning channel /@Caramel-rh4cx (found voiceover: "Озвучка манхвы - Начало после Конца(1-11) главы...")
[Crawler] "начало после конца озвучка": 15 videos, 2 new
[Crawler] Scanning channel /@GroodFB (found voiceover: "АРТУР РАЗБЕЖАВШИСЬ ПРЫГНУЛ СО СКАЛЫ ! Начало после...")
[Crawler] "beginning after the end озвучка": 15 videos, 1 new
[Crawler] "возвращение великого мечника озвучка": 15 videos, 4 new
[Crawler] Scanning channel /@Haku9sar (found voiceover: "Возвращение безумного демона. Озвучка манги. Главы...")
[Crawler] "возвращение безумного демона озвучка": 15 videos, 6 new
[Crawler] Scanning channel /@The_KanekiKen (found voiceover: "Озвучка манги "Некромант - одиночка" с 1 - 10 глав...")
[Crawler] "я единственный некромант озвучка": 15 videos, 2 new
[Crawler] Scanning channel /@%D0%9A%D0%BB%D0%BE%D0%B2%D1%83%D0%BD%D0%91%D0%B0%D0%B4%D0%B8 (found voiceover: "Он знал будущее — и началась жестокая игра на выжи...")
[Crawler] Scanning channel /@DreamPlisky (found voiceover: "Озвучка манги | Всеведущий читатель 「1-3 главы」...")
[Crawler] "omniscient reader озвучка": 15 videos, 2 new
[Crawler] "всеведущий читатель озвучка манхвы": 15 videos, 3 new
[Crawler] Scanning channel /@Tv-cx5cn (found voiceover: "Башня Бога!озвучка корейской манги...")
[Crawler] "tower of god озвучка": 15 videos, 1 new
[Crawler] Scanning channel /@MagicWord (found voiceover: "#1-4 Озвучка маньхуа "Завтрашняя катастрофа" глава...")
[Crawler] "noblesse озвучка манхвы": 15 videos, 1 new
[Crawler] Scanning channel /@breakfastwithmanga1976 (found voiceover: "Озвучка манги | Бог старшей школы! | Главы 1 - 17...")
[Crawler] "the god of high school озвучка": 15 videos, 1 new
[Crawler] "overgeared озвучка": 15 videos, 1 new
[Crawler] Scanning channel /@hollyread9875 (found voiceover: "Озвучка манги/Мой мастер - Архимаг/1-83 главы/ Кон...")
[Crawler] Discovered TG @mangavoiceholly: 9 posts, 1 new
[Crawler] Scanning channel /@MangavoiceHolyRead (found voiceover: "Призыватель 100.000.000 душ/Озвучка манги/35-38 гл...")
[Crawler] "nano machine озвучка манхвы": 15 videos, 6 new
[Crawler] "лукизм озвучка манхвы": 15 videos, 1 new
[Crawler] Scanning channel /@comicsspeechdemo568 (found voiceover: "Ветролом / Wind Breaker [Озвучка манхвы по ссылке,...")
[Crawler] "wind breaker озвучка": 15 videos, 1 new
[Crawler] "северный клинок озвучка": 15 videos, 1 new
[Crawler] "записки аптекарши озвучка манги": 15 videos, 1 new
[Crawler] "одинокое восхождение озвучка": 15 videos, 1 new
[Crawler] "реинкарнация сильнейшего мечника озвучка": 15 videos, 1 new
[Crawler] "бессмертный великий господин озвучка": 15 videos, 1 new
[Crawler] "уровень 999 озвучка манхвы": 15 videos, 1 new
[Touch] 2 path: /api/auth/me
[Crawler] Rutube "озвучка манги": 100 videos, 42 new
[Crawler] Rutube "озвучка манхвы": 100 videos, 37 new
[Crawler] Rutube "манга озвучка": 96 videos, 42 new
[Crawler] Rutube "озвучка манги все главы": 100 videos, 43 new
[Touch] 2 path: /api/auth/me
[Crawler] Rutube "озвучка манги 2025": 79 videos, 39 new
[Crawler] Rutube "озвучка манги 2026": 89 videos, 54 new
[Crawler] Done. Total new voiceovers matched: 382
[Touch] 2 path: /api/auth/me
[Touch] 2 path: /api/auth/me
Error: EPERM: operation not permitted, rename 'C:\Users\bashi\anixard-pc\sessions\Vgi2FfLi2O41jNXqz2k7m36F8xkQjYpA.json.2975555696' -> 'C:\Users\bashi\anixard-pc\sessions\Vgi2FfLi2O41jNXqz2k7m36F8xkQjYpA.json'
[Touch] 2 path: /api/auth/me
[Touch] 2 path: /api/auth/me
[Touch] 2 path: /api/auth/me
[Touch] 2 path: /api/auth/me
[Touch] 2 path: /api/auth/me
[Touch] 2 path: /api/auth/me
[Touch] 2 path: /api/auth/me
[Touch] 2 path: /api/auth/me
[Touch] 2 path: /api/auth/me
[Touch] 2 path: /api/auth/me
[Touch] 2 path: /api/auth/me
[Touch] 2 path: /api/auth/me
[Touch] 2 path: /api/auth/me
[Touch] 2 path: /api/auth/me
[Touch] 2 path: /api/auth/me
[Touch] 2 path: /api/auth/me
[Touch] 2 path: /api/auth/me
[Touch] 2 path: /api/auth/me
[Touch] 2 path: /api/auth/me
[Touch] 2 path: /api/auth/me
[Touch] 2 path: /api/auth/me
[Touch] 2 path: /favicon.ico
